2023-03-02 15:30:30,391 INFO    StreamThr :36004 [internal.py:wandb_internal():88] W&B internal server running at pid: 36004, started at: 2023-03-02 15:30:30.390348
2023-03-02 15:30:30,402 DEBUG   HandlerThread:36004 [handler.py:handle_request():138] handle_request: status
2023-03-02 15:30:30,404 DEBUG   SenderThread:36004 [sender.py:send_request():317] send_request: status
2023-03-02 15:30:30,406 DEBUG   SenderThread:36004 [sender.py:send():303] send: header
2023-03-02 15:30:30,407 INFO    WriterThread:36004 [datastore.py:open_for_write():75] open: /home/hugo/Bureau/ARTICPROJECT/MucaMoveCNN/CNN/wandb/run-20230302_153030-9f0iu9uv/run-9f0iu9uv.wandb
2023-03-02 15:30:30,419 DEBUG   SenderThread:36004 [sender.py:send():303] send: run
2023-03-02 15:30:31,280 DEBUG   HandlerThread:36004 [handler.py:handle_request():138] handle_request: check_version
2023-03-02 15:30:31,281 INFO    SenderThread:36004 [dir_watcher.py:__init__():216] watching files in: /home/hugo/Bureau/ARTICPROJECT/MucaMoveCNN/CNN/wandb/run-20230302_153030-9f0iu9uv/files
2023-03-02 15:30:31,281 INFO    SenderThread:36004 [sender.py:_start_run_threads():928] run started: 9f0iu9uv with start time 1677767430.387758
2023-03-02 15:30:31,281 DEBUG   SenderThread:36004 [sender.py:send():303] send: summary
2023-03-02 15:30:31,281 INFO    SenderThread:36004 [sender.py:_save_file():1171] saving file wandb-summary.json with policy end
2023-03-02 15:30:31,281 DEBUG   SenderThread:36004 [sender.py:send_request():317] send_request: check_version
2023-03-02 15:30:31,393 DEBUG   HandlerThread:36004 [handler.py:handle_request():138] handle_request: run_start
2023-03-02 15:30:31,400 DEBUG   HandlerThread:36004 [meta.py:__init__():34] meta init
2023-03-02 15:30:31,400 DEBUG   HandlerThread:36004 [meta.py:__init__():49] meta init done
2023-03-02 15:30:31,400 DEBUG   HandlerThread:36004 [meta.py:probe():215] probe
2023-03-02 15:30:31,412 DEBUG   HandlerThread:36004 [meta.py:_setup_git():205] setup git
2023-03-02 15:30:31,429 DEBUG   HandlerThread:36004 [meta.py:_setup_git():212] setup git done
2023-03-02 15:30:31,430 DEBUG   HandlerThread:36004 [meta.py:_save_pip():53] save pip
2023-03-02 15:30:31,430 DEBUG   HandlerThread:36004 [meta.py:_save_pip():67] save pip done
2023-03-02 15:30:31,430 DEBUG   HandlerThread:36004 [meta.py:probe():253] probe done
2023-03-02 15:30:31,435 DEBUG   SenderThread:36004 [sender.py:send():303] send: files
2023-03-02 15:30:31,435 INFO    SenderThread:36004 [sender.py:_save_file():1171] saving file wandb-metadata.json with policy now
2023-03-02 15:30:31,442 DEBUG   HandlerThread:36004 [handler.py:handle_request():138] handle_request: stop_status
2023-03-02 15:30:31,443 DEBUG   SenderThread:36004 [sender.py:send_request():317] send_request: stop_status
2023-03-02 15:30:31,919 DEBUG   SenderThread:36004 [sender.py:send():303] send: telemetry
2023-03-02 15:30:31,924 DEBUG   SenderThread:36004 [sender.py:send():303] send: telemetry
2023-03-02 15:30:31,926 DEBUG   SenderThread:36004 [sender.py:send():303] send: run
2023-03-02 15:30:32,307 INFO    Thread-13 :36004 [dir_watcher.py:_on_file_modified():292] file/dir modified: /home/hugo/Bureau/ARTICPROJECT/MucaMoveCNN/CNN/wandb/run-20230302_153030-9f0iu9uv/files/config.yaml
2023-03-02 15:30:32,311 INFO    Thread-13 :36004 [dir_watcher.py:_on_file_created():275] file/dir created: /home/hugo/Bureau/ARTICPROJECT/MucaMoveCNN/CNN/wandb/run-20230302_153030-9f0iu9uv/files/requirements.txt
2023-03-02 15:30:32,311 INFO    Thread-13 :36004 [dir_watcher.py:_on_file_created():275] file/dir created: /home/hugo/Bureau/ARTICPROJECT/MucaMoveCNN/CNN/wandb/run-20230302_153030-9f0iu9uv/files/wandb-summary.json
2023-03-02 15:30:32,312 INFO    Thread-13 :36004 [dir_watcher.py:_on_file_created():275] file/dir created: /home/hugo/Bureau/ARTICPROJECT/MucaMoveCNN/CNN/wandb/run-20230302_153030-9f0iu9uv/files/wandb-metadata.json
2023-03-02 15:30:32,541 INFO    SenderThread:36004 [sender.py:send_run():812] updated run: 9f0iu9uv
2023-03-02 15:30:32,554 INFO    Thread-17 :36004 [upload_job.py:push():143] Uploaded file /tmp/tmpg2memn07wandb/ytdsb3wv-wandb-metadata.json
2023-03-02 15:30:33,386 INFO    Thread-13 :36004 [dir_watcher.py:_on_file_created():275] file/dir created: /home/hugo/Bureau/ARTICPROJECT/MucaMoveCNN/CNN/wandb/run-20230302_153030-9f0iu9uv/files/output.log
2023-03-02 15:30:35,463 INFO    Thread-13 :36004 [dir_watcher.py:_on_file_modified():292] file/dir modified: /home/hugo/Bureau/ARTICPROJECT/MucaMoveCNN/CNN/wandb/run-20230302_153030-9f0iu9uv/files/output.log
2023-03-02 15:30:37,526 INFO    Thread-13 :36004 [dir_watcher.py:_on_file_modified():292] file/dir modified: /home/hugo/Bureau/ARTICPROJECT/MucaMoveCNN/CNN/wandb/run-20230302_153030-9f0iu9uv/files/output.log
2023-03-02 15:30:39,700 INFO    Thread-13 :36004 [dir_watcher.py:_on_file_modified():292] file/dir modified: /home/hugo/Bureau/ARTICPROJECT/MucaMoveCNN/CNN/wandb/run-20230302_153030-9f0iu9uv/files/output.log
2023-03-02 15:30:41,720 INFO    Thread-13 :36004 [dir_watcher.py:_on_file_modified():292] file/dir modified: /home/hugo/Bureau/ARTICPROJECT/MucaMoveCNN/CNN/wandb/run-20230302_153030-9f0iu9uv/files/output.log
2023-03-02 15:30:43,756 INFO    Thread-13 :36004 [dir_watcher.py:_on_file_modified():292] file/dir modified: /home/hugo/Bureau/ARTICPROJECT/MucaMoveCNN/CNN/wandb/run-20230302_153030-9f0iu9uv/files/output.log
2023-03-02 15:30:45,814 INFO    Thread-13 :36004 [dir_watcher.py:_on_file_modified():292] file/dir modified: /home/hugo/Bureau/ARTICPROJECT/MucaMoveCNN/CNN/wandb/run-20230302_153030-9f0iu9uv/files/output.log
2023-03-02 15:30:47,863 INFO    Thread-13 :36004 [dir_watcher.py:_on_file_modified():292] file/dir modified: /home/hugo/Bureau/ARTICPROJECT/MucaMoveCNN/CNN/wandb/run-20230302_153030-9f0iu9uv/files/output.log
2023-03-02 15:30:49,869 INFO    Thread-13 :36004 [dir_watcher.py:_on_file_modified():292] file/dir modified: /home/hugo/Bureau/ARTICPROJECT/MucaMoveCNN/CNN/wandb/run-20230302_153030-9f0iu9uv/files/output.log
2023-03-02 15:30:51,949 INFO    Thread-13 :36004 [dir_watcher.py:_on_file_modified():292] file/dir modified: /home/hugo/Bureau/ARTICPROJECT/MucaMoveCNN/CNN/wandb/run-20230302_153030-9f0iu9uv/files/output.log
2023-03-02 15:30:54,044 INFO    Thread-13 :36004 [dir_watcher.py:_on_file_modified():292] file/dir modified: /home/hugo/Bureau/ARTICPROJECT/MucaMoveCNN/CNN/wandb/run-20230302_153030-9f0iu9uv/files/output.log
2023-03-02 15:30:56,161 INFO    Thread-13 :36004 [dir_watcher.py:_on_file_modified():292] file/dir modified: /home/hugo/Bureau/ARTICPROJECT/MucaMoveCNN/CNN/wandb/run-20230302_153030-9f0iu9uv/files/output.log
2023-03-02 15:30:58,227 INFO    Thread-13 :36004 [dir_watcher.py:_on_file_modified():292] file/dir modified: /home/hugo/Bureau/ARTICPROJECT/MucaMoveCNN/CNN/wandb/run-20230302_153030-9f0iu9uv/files/output.log
2023-03-02 15:31:00,319 INFO    Thread-13 :36004 [dir_watcher.py:_on_file_modified():292] file/dir modified: /home/hugo/Bureau/ARTICPROJECT/MucaMoveCNN/CNN/wandb/run-20230302_153030-9f0iu9uv/files/output.log
2023-03-02 15:31:02,336 INFO    Thread-13 :36004 [dir_watcher.py:_on_file_modified():292] file/dir modified: /home/hugo/Bureau/ARTICPROJECT/MucaMoveCNN/CNN/wandb/run-20230302_153030-9f0iu9uv/files/config.yaml
2023-03-02 15:31:02,337 INFO    Thread-13 :36004 [dir_watcher.py:_on_file_modified():292] file/dir modified: /home/hugo/Bureau/ARTICPROJECT/MucaMoveCNN/CNN/wandb/run-20230302_153030-9f0iu9uv/files/output.log
2023-03-02 15:31:04,384 INFO    Thread-13 :36004 [dir_watcher.py:_on_file_modified():292] file/dir modified: /home/hugo/Bureau/ARTICPROJECT/MucaMoveCNN/CNN/wandb/run-20230302_153030-9f0iu9uv/files/output.log
2023-03-02 15:31:06,436 INFO    Thread-13 :36004 [dir_watcher.py:_on_file_modified():292] file/dir modified: /home/hugo/Bureau/ARTICPROJECT/MucaMoveCNN/CNN/wandb/run-20230302_153030-9f0iu9uv/files/output.log
2023-03-02 15:31:08,539 INFO    Thread-13 :36004 [dir_watcher.py:_on_file_modified():292] file/dir modified: /home/hugo/Bureau/ARTICPROJECT/MucaMoveCNN/CNN/wandb/run-20230302_153030-9f0iu9uv/files/output.log
2023-03-02 15:31:10,603 INFO    Thread-13 :36004 [dir_watcher.py:_on_file_modified():292] file/dir modified: /home/hugo/Bureau/ARTICPROJECT/MucaMoveCNN/CNN/wandb/run-20230302_153030-9f0iu9uv/files/output.log
2023-03-02 15:31:12,673 INFO    Thread-13 :36004 [dir_watcher.py:_on_file_modified():292] file/dir modified: /home/hugo/Bureau/ARTICPROJECT/MucaMoveCNN/CNN/wandb/run-20230302_153030-9f0iu9uv/files/output.log
2023-03-02 15:31:14,748 INFO    Thread-13 :36004 [dir_watcher.py:_on_file_modified():292] file/dir modified: /home/hugo/Bureau/ARTICPROJECT/MucaMoveCNN/CNN/wandb/run-20230302_153030-9f0iu9uv/files/output.log
2023-03-02 15:31:16,771 INFO    Thread-13 :36004 [dir_watcher.py:_on_file_modified():292] file/dir modified: /home/hugo/Bureau/ARTICPROJECT/MucaMoveCNN/CNN/wandb/run-20230302_153030-9f0iu9uv/files/output.log
2023-03-02 15:31:18,773 INFO    Thread-13 :36004 [dir_watcher.py:_on_file_modified():292] file/dir modified: /home/hugo/Bureau/ARTICPROJECT/MucaMoveCNN/CNN/wandb/run-20230302_153030-9f0iu9uv/files/output.log
2023-03-02 15:31:21,795 INFO    Thread-13 :36004 [dir_watcher.py:_on_file_modified():292] file/dir modified: /home/hugo/Bureau/ARTICPROJECT/MucaMoveCNN/CNN/wandb/run-20230302_153030-9f0iu9uv/files/output.log
2023-03-02 15:31:23,809 INFO    Thread-13 :36004 [dir_watcher.py:_on_file_modified():292] file/dir modified: /home/hugo/Bureau/ARTICPROJECT/MucaMoveCNN/CNN/wandb/run-20230302_153030-9f0iu9uv/files/output.log
2023-03-02 15:31:25,839 INFO    Thread-13 :36004 [dir_watcher.py:_on_file_modified():292] file/dir modified: /home/hugo/Bureau/ARTICPROJECT/MucaMoveCNN/CNN/wandb/run-20230302_153030-9f0iu9uv/files/output.log
2023-03-02 15:31:27,842 INFO    Thread-13 :36004 [dir_watcher.py:_on_file_modified():292] file/dir modified: /home/hugo/Bureau/ARTICPROJECT/MucaMoveCNN/CNN/wandb/run-20230302_153030-9f0iu9uv/files/output.log
2023-03-02 15:31:28,729 DEBUG   HandlerThread:36004 [handler.py:handle_request():138] handle_request: stop_status
2023-03-02 15:31:28,732 DEBUG   SenderThread:36004 [sender.py:send_request():317] send_request: stop_status
2023-03-02 15:31:29,866 INFO    Thread-13 :36004 [dir_watcher.py:_on_file_modified():292] file/dir modified: /home/hugo/Bureau/ARTICPROJECT/MucaMoveCNN/CNN/wandb/run-20230302_153030-9f0iu9uv/files/output.log
2023-03-02 15:31:50,021 DEBUG   HandlerThread:36004 [handler.py:handle_request():138] handle_request: stop_status
2023-03-02 15:31:59,682 DEBUG   HandlerThread:36004 [handler.py:handle_request():138] handle_request: partial_history
2023-03-02 15:31:59,687 DEBUG   HandlerThread:36004 [handler.py:handle_request():138] handle_request: partial_history
2023-03-02 15:31:59,689 DEBUG   HandlerThread:36004 [handler.py:handle_request():138] handle_request: partial_history
2023-03-02 15:31:59,690 DEBUG   HandlerThread:36004 [handler.py:handle_request():138] handle_request: partial_history
2023-03-02 15:31:59,691 DEBUG   HandlerThread:36004 [handler.py:handle_request():138] handle_request: partial_history
2023-03-02 15:31:59,692 DEBUG   HandlerThread:36004 [handler.py:handle_request():138] handle_request: partial_history
2023-03-02 15:31:59,693 DEBUG   HandlerThread:36004 [handler.py:handle_request():138] handle_request: partial_history
2023-03-02 15:31:59,694 DEBUG   HandlerThread:36004 [handler.py:handle_request():138] handle_request: partial_history
2023-03-02 15:31:59,695 DEBUG   HandlerThread:36004 [handler.py:handle_request():138] handle_request: partial_history
2023-03-02 15:31:59,696 DEBUG   HandlerThread:36004 [handler.py:handle_request():138] handle_request: partial_history
2023-03-02 15:31:59,697 DEBUG   HandlerThread:36004 [handler.py:handle_request():138] handle_request: partial_history
2023-03-02 15:31:59,698 DEBUG   HandlerThread:36004 [handler.py:handle_request():138] handle_request: partial_history
2023-03-02 15:31:59,699 DEBUG   HandlerThread:36004 [handler.py:handle_request():138] handle_request: partial_history
2023-03-02 15:31:59,700 DEBUG   HandlerThread:36004 [handler.py:handle_request():138] handle_request: partial_history
2023-03-02 15:31:59,702 DEBUG   HandlerThread:36004 [handler.py:handle_request():138] handle_request: partial_history
2023-03-02 15:31:59,702 DEBUG   HandlerThread:36004 [handler.py:handle_request():138] handle_request: stop_status
2023-03-02 15:31:59,703 DEBUG   HandlerThread:36004 [handler.py:handle_request():138] handle_request: partial_history
2023-03-02 15:31:59,704 DEBUG   HandlerThread:36004 [handler.py:handle_request():138] handle_request: partial_history
2023-03-02 15:31:59,705 DEBUG   HandlerThread:36004 [handler.py:handle_request():138] handle_request: partial_history
2023-03-02 15:31:59,705 DEBUG   HandlerThread:36004 [handler.py:handle_request():138] handle_request: partial_history
2023-03-02 15:31:59,706 DEBUG   HandlerThread:36004 [handler.py:handle_request():138] handle_request: partial_history
2023-03-02 15:31:59,707 DEBUG   HandlerThread:36004 [handler.py:handle_request():138] handle_request: partial_history
2023-03-02 15:31:59,708 DEBUG   HandlerThread:36004 [handler.py:handle_request():138] handle_request: partial_history
2023-03-02 15:31:59,709 DEBUG   HandlerThread:36004 [handler.py:handle_request():138] handle_request: partial_history
2023-03-02 15:31:59,709 DEBUG   HandlerThread:36004 [handler.py:handle_request():138] handle_request: partial_history
2023-03-02 15:31:59,710 DEBUG   HandlerThread:36004 [handler.py:handle_request():138] handle_request: partial_history
2023-03-02 15:31:59,711 DEBUG   HandlerThread:36004 [handler.py:handle_request():138] handle_request: partial_history
2023-03-02 15:31:59,713 DEBUG   HandlerThread:36004 [handler.py:handle_request():138] handle_request: partial_history
2023-03-02 15:31:59,714 DEBUG   HandlerThread:36004 [handler.py:handle_request():138] handle_request: partial_history
2023-03-02 15:31:59,715 DEBUG   HandlerThread:36004 [handler.py:handle_request():138] handle_request: partial_history
2023-03-02 15:31:59,716 DEBUG   HandlerThread:36004 [handler.py:handle_request():138] handle_request: partial_history
2023-03-02 15:31:59,718 DEBUG   HandlerThread:36004 [handler.py:handle_request():138] handle_request: partial_history
2023-03-02 15:31:59,719 DEBUG   HandlerThread:36004 [handler.py:handle_request():138] handle_request: partial_history
2023-03-02 15:31:59,720 DEBUG   HandlerThread:36004 [handler.py:handle_request():138] handle_request: partial_history
2023-03-02 15:31:59,721 DEBUG   HandlerThread:36004 [handler.py:handle_request():138] handle_request: partial_history
2023-03-02 15:31:59,722 DEBUG   HandlerThread:36004 [handler.py:handle_request():138] handle_request: partial_history
2023-03-02 15:31:59,723 DEBUG   HandlerThread:36004 [handler.py:handle_request():138] handle_request: partial_history
2023-03-02 15:31:59,724 DEBUG   HandlerThread:36004 [handler.py:handle_request():138] handle_request: partial_history
2023-03-02 15:31:59,724 DEBUG   HandlerThread:36004 [handler.py:handle_request():138] handle_request: partial_history
2023-03-02 15:31:59,726 DEBUG   HandlerThread:36004 [handler.py:handle_request():138] handle_request: partial_history
2023-03-02 15:31:59,727 DEBUG   HandlerThread:36004 [handler.py:handle_request():138] handle_request: partial_history
2023-03-02 15:31:59,728 DEBUG   HandlerThread:36004 [handler.py:handle_request():138] handle_request: partial_history
2023-03-02 15:31:59,729 DEBUG   HandlerThread:36004 [handler.py:handle_request():138] handle_request: partial_history
2023-03-02 15:31:59,730 DEBUG   HandlerThread:36004 [handler.py:handle_request():138] handle_request: partial_history
2023-03-02 15:31:59,731 DEBUG   HandlerThread:36004 [handler.py:handle_request():138] handle_request: partial_history
2023-03-02 15:31:59,733 DEBUG   HandlerThread:36004 [handler.py:handle_request():138] handle_request: stop_status
2023-03-02 15:31:59,734 DEBUG   HandlerThread:36004 [handler.py:handle_request():138] handle_request: partial_history
2023-03-02 15:31:59,734 DEBUG   HandlerThread:36004 [handler.py:handle_request():138] handle_request: partial_history
2023-03-02 15:31:59,736 DEBUG   HandlerThread:36004 [handler.py:handle_request():138] handle_request: partial_history
2023-03-02 15:31:59,737 DEBUG   HandlerThread:36004 [handler.py:handle_request():138] handle_request: partial_history
2023-03-02 15:31:59,739 DEBUG   HandlerThread:36004 [handler.py:handle_request():138] handle_request: partial_history
2023-03-02 15:31:59,740 DEBUG   HandlerThread:36004 [handler.py:handle_request():138] handle_request: partial_history
2023-03-02 15:31:59,742 DEBUG   HandlerThread:36004 [handler.py:handle_request():138] handle_request: partial_history
2023-03-02 15:31:59,743 DEBUG   HandlerThread:36004 [handler.py:handle_request():138] handle_request: partial_history
2023-03-02 15:31:59,745 DEBUG   HandlerThread:36004 [handler.py:handle_request():138] handle_request: partial_history
2023-03-02 15:31:59,746 DEBUG   HandlerThread:36004 [handler.py:handle_request():138] handle_request: partial_history
2023-03-02 15:31:59,747 DEBUG   HandlerThread:36004 [handler.py:handle_request():138] handle_request: partial_history
2023-03-02 15:31:59,748 DEBUG   HandlerThread:36004 [handler.py:handle_request():138] handle_request: partial_history
2023-03-02 15:31:59,749 DEBUG   HandlerThread:36004 [handler.py:handle_request():138] handle_request: partial_history
2023-03-02 15:31:59,751 DEBUG   HandlerThread:36004 [handler.py:handle_request():138] handle_request: partial_history
2023-03-02 15:31:59,753 DEBUG   HandlerThread:36004 [handler.py:handle_request():138] handle_request: partial_history
2023-03-02 15:31:59,754 DEBUG   HandlerThread:36004 [handler.py:handle_request():138] handle_request: partial_history
2023-03-02 15:31:59,756 DEBUG   HandlerThread:36004 [handler.py:handle_request():138] handle_request: partial_history
2023-03-02 15:31:59,756 DEBUG   HandlerThread:36004 [handler.py:handle_request():138] handle_request: partial_history
2023-03-02 15:32:00,098 DEBUG   HandlerThread:36004 [handler.py:handle_request():138] handle_request: partial_history
2023-03-02 15:32:00,381 DEBUG   HandlerThread:36004 [handler.py:handle_request():138] handle_request: partial_history
2023-03-02 15:32:01,350 DEBUG   HandlerThread:36004 [handler.py:handle_request():138] handle_request: partial_history
2023-03-02 15:32:01,667 DEBUG   HandlerThread:36004 [handler.py:handle_request():138] handle_request: partial_history
2023-03-02 15:32:02,591 DEBUG   HandlerThread:36004 [handler.py:handle_request():138] handle_request: partial_history
2023-03-02 15:32:02,884 DEBUG   HandlerThread:36004 [handler.py:handle_request():138] handle_request: partial_history
2023-03-02 15:32:03,677 DEBUG   HandlerThread:36004 [handler.py:handle_request():138] handle_request: partial_history
2023-03-02 15:32:03,961 DEBUG   HandlerThread:36004 [handler.py:handle_request():138] handle_request: partial_history
2023-03-02 15:32:04,837 DEBUG   HandlerThread:36004 [handler.py:handle_request():138] handle_request: partial_history
2023-03-02 15:32:05,115 DEBUG   HandlerThread:36004 [handler.py:handle_request():138] handle_request: partial_history
2023-03-02 15:32:05,975 DEBUG   HandlerThread:36004 [handler.py:handle_request():138] handle_request: partial_history
2023-03-02 15:32:06,238 DEBUG   HandlerThread:36004 [handler.py:handle_request():138] handle_request: partial_history
2023-03-02 15:32:06,976 DEBUG   HandlerThread:36004 [handler.py:handle_request():138] handle_request: stop_status
2023-03-02 15:32:07,134 DEBUG   HandlerThread:36004 [handler.py:handle_request():138] handle_request: partial_history
2023-03-02 15:32:07,431 DEBUG   HandlerThread:36004 [handler.py:handle_request():138] handle_request: partial_history
2023-03-02 15:32:08,411 DEBUG   HandlerThread:36004 [handler.py:handle_request():138] handle_request: partial_history
2023-03-02 15:32:08,684 DEBUG   HandlerThread:36004 [handler.py:handle_request():138] handle_request: partial_history
2023-03-02 15:32:09,570 DEBUG   HandlerThread:36004 [handler.py:handle_request():138] handle_request: partial_history
2023-03-02 15:32:09,828 DEBUG   HandlerThread:36004 [handler.py:handle_request():138] handle_request: partial_history
2023-03-02 15:32:10,698 DEBUG   HandlerThread:36004 [handler.py:handle_request():138] handle_request: partial_history
2023-03-02 15:32:10,964 DEBUG   HandlerThread:36004 [handler.py:handle_request():138] handle_request: partial_history
2023-03-02 15:32:11,826 DEBUG   HandlerThread:36004 [handler.py:handle_request():138] handle_request: partial_history
2023-03-02 15:32:12,119 DEBUG   HandlerThread:36004 [handler.py:handle_request():138] handle_request: partial_history
2023-03-02 15:32:13,117 DEBUG   HandlerThread:36004 [handler.py:handle_request():138] handle_request: partial_history
2023-03-02 15:32:13,453 DEBUG   HandlerThread:36004 [handler.py:handle_request():138] handle_request: partial_history
2023-03-02 15:32:14,515 DEBUG   HandlerThread:36004 [handler.py:handle_request():138] handle_request: partial_history
2023-03-02 15:32:14,850 DEBUG   HandlerThread:36004 [handler.py:handle_request():138] handle_request: partial_history
2023-03-02 15:32:15,668 DEBUG   HandlerThread:36004 [handler.py:handle_request():138] handle_request: partial_history
2023-03-02 15:32:15,986 DEBUG   HandlerThread:36004 [handler.py:handle_request():138] handle_request: partial_history
2023-03-02 15:32:17,122 DEBUG   HandlerThread:36004 [handler.py:handle_request():138] handle_request: partial_history
2023-03-02 15:32:17,509 DEBUG   HandlerThread:36004 [handler.py:handle_request():138] handle_request: partial_history
2023-03-02 15:32:18,448 DEBUG   HandlerThread:36004 [handler.py:handle_request():138] handle_request: partial_history
2023-03-02 15:32:18,711 DEBUG   HandlerThread:36004 [handler.py:handle_request():138] handle_request: partial_history
2023-03-02 15:32:19,654 DEBUG   HandlerThread:36004 [handler.py:handle_request():138] handle_request: partial_history
2023-03-02 15:32:19,915 DEBUG   HandlerThread:36004 [handler.py:handle_request():138] handle_request: partial_history
2023-03-02 15:32:20,728 DEBUG   HandlerThread:36004 [handler.py:handle_request():138] handle_request: partial_history
2023-03-02 15:32:21,033 DEBUG   HandlerThread:36004 [handler.py:handle_request():138] handle_request: partial_history
2023-03-02 15:32:21,992 DEBUG   HandlerThread:36004 [handler.py:handle_request():138] handle_request: partial_history
2023-03-02 15:32:22,326 DEBUG   HandlerThread:36004 [handler.py:handle_request():138] handle_request: partial_history
2023-03-02 15:32:23,447 DEBUG   HandlerThread:36004 [handler.py:handle_request():138] handle_request: partial_history
2023-03-02 15:32:23,816 DEBUG   HandlerThread:36004 [handler.py:handle_request():138] handle_request: partial_history
2023-03-02 15:32:24,961 DEBUG   HandlerThread:36004 [handler.py:handle_request():138] handle_request: partial_history
2023-03-02 15:32:25,312 DEBUG   HandlerThread:36004 [handler.py:handle_request():138] handle_request: partial_history
2023-03-02 15:32:26,277 DEBUG   HandlerThread:36004 [handler.py:handle_request():138] handle_request: partial_history
2023-03-02 15:32:26,562 DEBUG   HandlerThread:36004 [handler.py:handle_request():138] handle_request: partial_history
2023-03-02 15:32:26,976 DEBUG   HandlerThread:36004 [handler.py:handle_request():138] handle_request: stop_status
2023-03-02 15:32:27,521 DEBUG   HandlerThread:36004 [handler.py:handle_request():138] handle_request: partial_history
2023-03-02 15:32:27,834 DEBUG   HandlerThread:36004 [handler.py:handle_request():138] handle_request: partial_history
2023-03-02 15:32:28,873 DEBUG   HandlerThread:36004 [handler.py:handle_request():138] handle_request: partial_history
2023-03-02 15:32:29,165 DEBUG   HandlerThread:36004 [handler.py:handle_request():138] handle_request: partial_history
2023-03-02 15:32:30,105 DEBUG   HandlerThread:36004 [handler.py:handle_request():138] handle_request: partial_history
2023-03-02 15:32:30,412 DEBUG   HandlerThread:36004 [handler.py:handle_request():138] handle_request: partial_history
2023-03-02 15:32:31,328 DEBUG   HandlerThread:36004 [handler.py:handle_request():138] handle_request: partial_history
2023-03-02 15:32:31,623 DEBUG   HandlerThread:36004 [handler.py:handle_request():138] handle_request: partial_history
2023-03-02 15:32:31,975 ERROR   SenderThread:36004 [retry.py:__call__():154] Retry attempt failed:
Traceback (most recent call last):
  File "/home/hugo/.pyenv/versions/3.9.10/lib/python3.9/site-packages/urllib3/connection.py", line 174, in _new_conn
    conn = connection.create_connection(
  File "/home/hugo/.pyenv/versions/3.9.10/lib/python3.9/site-packages/urllib3/util/connection.py", line 72, in create_connection
    for res in socket.getaddrinfo(host, port, family, socket.SOCK_STREAM):
  File "/home/hugo/.pyenv/versions/3.9.10/lib/python3.9/socket.py", line 954, in getaddrinfo
    for res in _socket.getaddrinfo(host, port, family, type, proto, flags):
socket.gaierror: [Errno -3] Temporary failure in name resolution

During handling of the above exception, another exception occurred:

Traceback (most recent call last):
  File "/home/hugo/.pyenv/versions/3.9.10/lib/python3.9/site-packages/urllib3/connectionpool.py", line 703, in urlopen
    httplib_response = self._make_request(
  File "/home/hugo/.pyenv/versions/3.9.10/lib/python3.9/site-packages/urllib3/connectionpool.py", line 386, in _make_request
    self._validate_conn(conn)
  File "/home/hugo/.pyenv/versions/3.9.10/lib/python3.9/site-packages/urllib3/connectionpool.py", line 1042, in _validate_conn
    conn.connect()
  File "/home/hugo/.pyenv/versions/3.9.10/lib/python3.9/site-packages/urllib3/connection.py", line 358, in connect
    self.sock = conn = self._new_conn()
  File "/home/hugo/.pyenv/versions/3.9.10/lib/python3.9/site-packages/urllib3/connection.py", line 186, in _new_conn
    raise NewConnectionError(
urllib3.exceptions.NewConnectionError: <urllib3.connection.HTTPSConnection object at 0x7fd17bf08100>: Failed to establish a new connection: [Errno -3] Temporary failure in name resolution

During handling of the above exception, another exception occurred:

Traceback (most recent call last):
  File "/home/hugo/.pyenv/versions/3.9.10/lib/python3.9/site-packages/requests/adapters.py", line 489, in send
    resp = conn.urlopen(
  File "/home/hugo/.pyenv/versions/3.9.10/lib/python3.9/site-packages/urllib3/connectionpool.py", line 787, in urlopen
    retries = retries.increment(
  File "/home/hugo/.pyenv/versions/3.9.10/lib/python3.9/site-packages/urllib3/util/retry.py", line 592, in increment
    raise MaxRetryError(_pool, url, error or ResponseError(cause))
urllib3.exceptions.MaxRetryError: HTTPSConnectionPool(host='api.wandb.ai', port=443): Max retries exceeded with url: /graphql (Caused by NewConnectionError('<urllib3.connection.HTTPSConnection object at 0x7fd17bf08100>: Failed to establish a new connection: [Errno -3] Temporary failure in name resolution'))

During handling of the above exception, another exception occurred:

Traceback (most recent call last):
  File "/home/hugo/.pyenv/versions/3.9.10/lib/python3.9/site-packages/wandb/sdk/lib/retry.py", line 113, in __call__
    result = self._call_fn(*args, **kwargs)
  File "/home/hugo/.pyenv/versions/3.9.10/lib/python3.9/site-packages/wandb/sdk/internal/internal_api.py", line 213, in execute
    return self.client.execute(*args, **kwargs)  # type: ignore
  File "/home/hugo/.pyenv/versions/3.9.10/lib/python3.9/site-packages/wandb/vendor/gql-0.2.0/wandb_gql/client.py", line 52, in execute
    result = self._get_result(document, *args, **kwargs)
  File "/home/hugo/.pyenv/versions/3.9.10/lib/python3.9/site-packages/wandb/vendor/gql-0.2.0/wandb_gql/client.py", line 60, in _get_result
    return self.transport.execute(document, *args, **kwargs)
  File "/home/hugo/.pyenv/versions/3.9.10/lib/python3.9/site-packages/wandb/vendor/gql-0.2.0/wandb_gql/transport/requests.py", line 38, in execute
    request = requests.post(self.url, **post_args)
  File "/home/hugo/.pyenv/versions/3.9.10/lib/python3.9/site-packages/requests/api.py", line 115, in post
    return request("post", url, data=data, json=json, **kwargs)
  File "/home/hugo/.pyenv/versions/3.9.10/lib/python3.9/site-packages/requests/api.py", line 59, in request
    return session.request(method=method, url=url, **kwargs)
  File "/home/hugo/.pyenv/versions/3.9.10/lib/python3.9/site-packages/requests/sessions.py", line 587, in request
    resp = self.send(prep, **send_kwargs)
  File "/home/hugo/.pyenv/versions/3.9.10/lib/python3.9/site-packages/requests/sessions.py", line 701, in send
    r = adapter.send(request, **kwargs)
  File "/home/hugo/.pyenv/versions/3.9.10/lib/python3.9/site-packages/requests/adapters.py", line 565, in send
    raise ConnectionError(e, request=request)
requests.exceptions.ConnectionError: HTTPSConnectionPool(host='api.wandb.ai', port=443): Max retries exceeded with url: /graphql (Caused by NewConnectionError('<urllib3.connection.HTTPSConnection object at 0x7fd17bf08100>: Failed to establish a new connection: [Errno -3] Temporary failure in name resolution'))
2023-03-02 15:32:32,605 DEBUG   HandlerThread:36004 [handler.py:handle_request():138] handle_request: partial_history
2023-03-02 15:32:32,921 DEBUG   HandlerThread:36004 [handler.py:handle_request():138] handle_request: partial_history
2023-03-02 15:32:33,888 DEBUG   HandlerThread:36004 [handler.py:handle_request():138] handle_request: partial_history
2023-03-02 15:32:34,169 DEBUG   HandlerThread:36004 [handler.py:handle_request():138] handle_request: partial_history
2023-03-02 15:32:35,131 DEBUG   HandlerThread:36004 [handler.py:handle_request():138] handle_request: partial_history
2023-03-02 15:32:35,440 DEBUG   HandlerThread:36004 [handler.py:handle_request():138] handle_request: partial_history
2023-03-02 15:32:36,419 DEBUG   HandlerThread:36004 [handler.py:handle_request():138] handle_request: partial_history
2023-03-02 15:32:36,739 DEBUG   HandlerThread:36004 [handler.py:handle_request():138] handle_request: partial_history
2023-03-02 15:32:37,869 DEBUG   HandlerThread:36004 [handler.py:handle_request():138] handle_request: partial_history
2023-03-02 15:32:39,059 DEBUG   HandlerThread:36004 [handler.py:handle_request():138] handle_request: poll_exit
2023-03-02 15:32:44,060 DEBUG   HandlerThread:36004 [handler.py:handle_request():138] handle_request: keepalive
2023-03-02 15:32:47,924 WARNING StreamThr :36004 [internal.py:is_dead():385] Internal process exiting, parent pid 35967 disappeared
2023-03-02 15:32:47,924 ERROR   StreamThr :36004 [internal.py:wandb_internal():147] Internal process shutdown.
2023-03-02 15:32:47,924 INFO    SenderThread:36004 [sender.py:finish():1331] shutting down sender
2023-03-02 15:32:47,937 WARNING OutRawWr-stdout:36004 [sender.py:_output_raw_writer_thread():1013] Terminal output too large. Logging without processing.
2023-03-02 15:32:48,069 INFO    WriterThread:36004 [datastore.py:close():279] close: /home/hugo/Bureau/ARTICPROJECT/MucaMoveCNN/CNN/wandb/run-20230302_153030-9f0iu9uv/run-9f0iu9uv.wandb
2023-03-02 15:32:48,069 INFO    HandlerThread:36004 [handler.py:finish():814] shutting down handler
2023-03-02 15:32:48,184 INFO    Thread-13 :36004 [dir_watcher.py:_on_file_modified():292] file/dir modified: /home/hugo/Bureau/ARTICPROJECT/MucaMoveCNN/CNN/wandb/run-20230302_153030-9f0iu9uv/files/output.log
2023-03-02 15:32:49,184 INFO    Thread-13 :36004 [dir_watcher.py:_on_file_modified():292] file/dir modified: /home/hugo/Bureau/ARTICPROJECT/MucaMoveCNN/CNN/wandb/run-20230302_153030-9f0iu9uv/files/output.log
2023-03-02 15:32:49,382 INFO    SenderThread:36004 [dir_watcher.py:finish():362] shutting down directory watcher
2023-03-02 15:32:50,185 INFO    Thread-13 :36004 [dir_watcher.py:_on_file_modified():292] file/dir modified: /home/hugo/Bureau/ARTICPROJECT/MucaMoveCNN/CNN/wandb/run-20230302_153030-9f0iu9uv/files/output.log
2023-03-02 15:32:50,186 INFO    SenderThread:36004 [dir_watcher.py:finish():392] scan: /home/hugo/Bureau/ARTICPROJECT/MucaMoveCNN/CNN/wandb/run-20230302_153030-9f0iu9uv/files
2023-03-02 15:32:50,187 INFO    SenderThread:36004 [dir_watcher.py:finish():406] scan save: /home/hugo/Bureau/ARTICPROJECT/MucaMoveCNN/CNN/wandb/run-20230302_153030-9f0iu9uv/files/requirements.txt requirements.txt
2023-03-02 15:32:50,187 INFO    SenderThread:36004 [dir_watcher.py:finish():406] scan save: /home/hugo/Bureau/ARTICPROJECT/MucaMoveCNN/CNN/wandb/run-20230302_153030-9f0iu9uv/files/wandb-summary.json wandb-summary.json
2023-03-02 15:32:50,194 INFO    SenderThread:36004 [dir_watcher.py:finish():406] scan save: /home/hugo/Bureau/ARTICPROJECT/MucaMoveCNN/CNN/wandb/run-20230302_153030-9f0iu9uv/files/config.yaml config.yaml
2023-03-02 15:32:50,200 INFO    SenderThread:36004 [dir_watcher.py:finish():406] scan save: /home/hugo/Bureau/ARTICPROJECT/MucaMoveCNN/CNN/wandb/run-20230302_153030-9f0iu9uv/files/output.log output.log
2023-03-02 15:32:50,221 INFO    SenderThread:36004 [dir_watcher.py:finish():406] scan save: /home/hugo/Bureau/ARTICPROJECT/MucaMoveCNN/CNN/wandb/run-20230302_153030-9f0iu9uv/files/wandb-metadata.json wandb-metadata.json
2023-03-02 15:32:50,221 INFO    SenderThread:36004 [file_pusher.py:finish():168] shutting down file pusher
2023-03-02 15:32:50,223 INFO    SenderThread:36004 [file_pusher.py:join():173] waiting for file pusher
2023-03-02 15:32:51,223 INFO    Thread-20 :36004 [upload_job.py:push():143] Uploaded file /home/hugo/Bureau/ARTICPROJECT/MucaMoveCNN/CNN/wandb/run-20230302_153030-9f0iu9uv/files/config.yaml
2023-03-02 15:32:51,295 INFO    Thread-19 :36004 [upload_job.py:push():143] Uploaded file /home/hugo/Bureau/ARTICPROJECT/MucaMoveCNN/CNN/wandb/run-20230302_153030-9f0iu9uv/files/wandb-summary.json
2023-03-02 15:32:51,503 INFO    Thread-18 :36004 [upload_job.py:push():143] Uploaded file /home/hugo/Bureau/ARTICPROJECT/MucaMoveCNN/CNN/wandb/run-20230302_153030-9f0iu9uv/files/requirements.txt
2023-03-02 15:32:53,529 INFO    Thread-21 :36004 [upload_job.py:push():143] Uploaded file /home/hugo/Bureau/ARTICPROJECT/MucaMoveCNN/CNN/wandb/run-20230302_153030-9f0iu9uv/files/output.log
